<?xml version="1.0" encoding="UTF-8"?>
<!-- Generated by org.testng.reporters.JUnitXMLReporter -->
<testsuite ignored="0" hostname="DESKTOP-5SM0HKT" failures="0" tests="6" name="Default test" time="49.101" errors="0" timestamp="2023-01-07T11:50:44 IST">
  <testcase classname="altoromutual.AltoroMutual" name="login" time="6.308"/>
  <testcase classname="altoromutual.AltoroMutual" name="login" time="3.2"/>
  <testcase classname="altoromutual.AltoroMutual" name="accountCheck" time="3.336"/>
  <testcase classname="altoromutual.AltoroMutual" name="transferFunds" time="3.417"/>
  <testcase classname="altoromutual.AltoroMutual" name="transactionDetails" time="1.716"/>
  <testcase classname="altoromutual.AltoroMutual" name="signOff" time="8.273"/>
</testsuite> <!-- Default test -->
