<?xml version="1.0" encoding="UTF-8"?>
<testng-results ignored="0" total="6" passed="6" failed="0" skipped="0">
  <reporter-output>
  </reporter-output>
  <suite started-at="2023-01-07T11:49:55 IST" name="Default suite" finished-at="2023-01-07T11:50:44 IST" duration-ms="49101">
    <groups>
    </groups>
    <test started-at="2023-01-07T11:49:55 IST" name="Default test" finished-at="2023-01-07T11:50:44 IST" duration-ms="49101">
      <class name="altoromutual.AltoroMutual">
        <test-method is-config="true" signature="browserLaunch()[pri:0, instance:altoromutual.AltoroMutual@272113c4]" started-at="2023-01-07T11:49:55 IST" name="browserLaunch" finished-at="2023-01-07T11:50:16 IST" duration-ms="20612" status="PASS">
          <reporter-output>
          </reporter-output>
        </test-method> <!-- browserLaunch -->
        <test-method is-config="true" signature="initializaeElements()[pri:0, instance:altoromutual.AltoroMutual@272113c4]" started-at="2023-01-07T11:50:16 IST" name="initializaeElements" finished-at="2023-01-07T11:50:16 IST" duration-ms="220" status="PASS">
          <reporter-output>
          </reporter-output>
        </test-method> <!-- initializaeElements -->
        <test-method signature="login(java.lang.String,java.lang.String)[pri:0, instance:altoromutual.AltoroMutual@272113c4]" started-at="2023-01-07T11:50:16 IST" name="login" data-provider="Altoro" finished-at="2023-01-07T11:50:23 IST" duration-ms="6308" status="PASS">
          <params>
            <param index="0">
              <value>
                <![CDATA[demo_user]]>
              </value>
            </param>
            <param index="1">
              <value>
                <![CDATA[demo_user]]>
              </value>
            </param>
          </params>
          <reporter-output>
          </reporter-output>
        </test-method> <!-- login -->
        <test-method is-config="true" signature="initializaeElements()[pri:0, instance:altoromutual.AltoroMutual@272113c4]" started-at="2023-01-07T11:50:23 IST" name="initializaeElements" finished-at="2023-01-07T11:50:23 IST" duration-ms="15" status="PASS">
          <reporter-output>
          </reporter-output>
        </test-method> <!-- initializaeElements -->
        <test-method signature="login(java.lang.String,java.lang.String)[pri:0, instance:altoromutual.AltoroMutual@272113c4]" started-at="2023-01-07T11:50:23 IST" name="login" data-provider="Altoro" finished-at="2023-01-07T11:50:26 IST" duration-ms="3200" status="PASS">
          <params>
            <param index="0">
              <value>
                <![CDATA[admin]]>
              </value>
            </param>
            <param index="1">
              <value>
                <![CDATA[admin]]>
              </value>
            </param>
          </params>
          <reporter-output>
          </reporter-output>
        </test-method> <!-- login -->
        <test-method is-config="true" signature="initializaeElements()[pri:0, instance:altoromutual.AltoroMutual@272113c4]" started-at="2023-01-07T11:50:26 IST" name="initializaeElements" finished-at="2023-01-07T11:50:26 IST" duration-ms="7" status="PASS">
          <reporter-output>
          </reporter-output>
        </test-method> <!-- initializaeElements -->
        <test-method signature="accountCheck()[pri:1, instance:altoromutual.AltoroMutual@272113c4]" started-at="2023-01-07T11:50:26 IST" name="accountCheck" finished-at="2023-01-07T11:50:29 IST" duration-ms="3336" status="PASS">
          <reporter-output>
          </reporter-output>
        </test-method> <!-- accountCheck -->
        <test-method is-config="true" signature="initializaeElements()[pri:0, instance:altoromutual.AltoroMutual@272113c4]" started-at="2023-01-07T11:50:29 IST" name="initializaeElements" finished-at="2023-01-07T11:50:29 IST" duration-ms="14" status="PASS">
          <reporter-output>
          </reporter-output>
        </test-method> <!-- initializaeElements -->
        <test-method signature="transferFunds()[pri:2, instance:altoromutual.AltoroMutual@272113c4]" started-at="2023-01-07T11:50:29 IST" name="transferFunds" finished-at="2023-01-07T11:50:33 IST" duration-ms="3417" status="PASS">
          <reporter-output>
          </reporter-output>
        </test-method> <!-- transferFunds -->
        <test-method is-config="true" signature="initializaeElements()[pri:0, instance:altoromutual.AltoroMutual@272113c4]" started-at="2023-01-07T11:50:33 IST" name="initializaeElements" finished-at="2023-01-07T11:50:33 IST" duration-ms="30" status="PASS">
          <reporter-output>
          </reporter-output>
        </test-method> <!-- initializaeElements -->
        <test-method signature="transactionDetails()[pri:3, instance:altoromutual.AltoroMutual@272113c4]" started-at="2023-01-07T11:50:33 IST" name="transactionDetails" finished-at="2023-01-07T11:50:35 IST" duration-ms="1716" status="PASS">
          <reporter-output>
          </reporter-output>
        </test-method> <!-- transactionDetails -->
        <test-method is-config="true" signature="initializaeElements()[pri:0, instance:altoromutual.AltoroMutual@272113c4]" started-at="2023-01-07T11:50:35 IST" name="initializaeElements" finished-at="2023-01-07T11:50:35 IST" duration-ms="12" status="PASS">
          <reporter-output>
          </reporter-output>
        </test-method> <!-- initializaeElements -->
        <test-method signature="signOff(java.lang.String,java.lang.String,java.lang.String)[pri:4, instance:altoromutual.AltoroMutual@272113c4]" started-at="2023-01-07T11:50:35 IST" name="signOff" data-provider="comments" finished-at="2023-01-07T11:50:43 IST" duration-ms="8273" status="PASS">
          <params>
            <param index="0">
              <value>
                <![CDATA[test123@gamil.com]]>
              </value>
            </param>
            <param index="1">
              <value>
                <![CDATA[test]]>
              </value>
            </param>
            <param index="2">
              <value>
                <![CDATA[test comment]]>
              </value>
            </param>
          </params>
          <reporter-output>
          </reporter-output>
        </test-method> <!-- signOff -->
        <test-method is-config="true" signature="tearDown()[pri:0, instance:altoromutual.AltoroMutual@272113c4]" started-at="2023-01-07T11:50:43 IST" name="tearDown" finished-at="2023-01-07T11:50:44 IST" duration-ms="1563" status="PASS">
          <reporter-output>
          </reporter-output>
        </test-method> <!-- tearDown -->
      </class> <!-- altoromutual.AltoroMutual -->
    </test> <!-- Default test -->
  </suite> <!-- Default suite -->
</testng-results>
